2017-05-23 18:00:38,626 [ACCEPTED LOGIN]  for admin/10.1.1.1.
2017-05-23 18:00:48,921 [ACCEPTED DELETE] example-repo-local: for admin/10.1.1.1.
2017-05-23 18:00:49,006 [ACCEPTED CONFIGURATION_CHANGE]  for admin/10.1.1.1.
2017-05-23 18:01:02,212 [ACCEPTED LOGIN]  for admin/10.1.1.1.
2017-05-23 18:56:45,545 [ACCEPTED LOGIN]  for admin/10.1.1.1.
2017-05-23 19:01:43,375 [ACCEPTED CONFIGURATION_CHANGE]  for admin/10.1.1.1.
2017-05-23 19:41:50,179 [ACCEPTED DEPLOY] ctc:LoginWebApp.war for admin/127.0.0.1.
2017-05-23 19:47:33,726 [ACCEPTED DEPLOY] ctc:LoginWebApp.war for admin/127.0.0.1.
2017-05-23 19:47:38,268 [ACCEPTED DEPLOY] ctc:LoginWebApp.war for admin/127.0.0.1.
2017-05-23 19:47:57,307 [ACCEPTED DEPLOY] ctc:LoginWebApp.war for admin/127.0.0.1.
2017-05-23 19:48:10,777 [ACCEPTED DEPLOY] ctc:LoginWebApp.war for admin/127.0.0.1.
2017-05-23 19:53:35,864 [ACCEPTED DEPLOY] ctc:LoginWebApp.war for admin/127.0.0.1.
2017-05-23 21:16:37,948 [ACCEPTED DEPLOY] ctc:LoginWebApp.war for admin/127.0.0.1.
2017-05-23 21:16:44,517 [ACCEPTED DEPLOY] ctc:LoginWebApp.war for admin/127.0.0.1.
2017-05-23 21:17:14,397 [ACCEPTED DEPLOY] ctc:LoginWebApp.war for admin/127.0.0.1.
2017-05-23 21:20:55,000 [ACCEPTED DOWNLOAD] ctc:LoginWebApp.war for admin/10.1.1.1.
2017-05-23 21:21:39,489 [ACCEPTED DOWNLOAD] ctc:LoginWebApp.war for admin/10.1.1.1.
2017-05-23 21:31:19,183 [ACCEPTED DOWNLOAD] ctc:LoginWebApp.war for admin/10.1.1.1.
2017-05-23 21:36:25,391 [ACCEPTED DOWNLOAD] ctc:LoginWebApp.war for admin/10.1.1.1.
2017-05-23 21:40:34,388 [ACCEPTED DOWNLOAD] ctc:LoginWebApp.war for admin/10.1.1.1.
2017-05-23 21:40:50,883 [ACCEPTED DOWNLOAD] ctc:LoginWebApp.war for admin/10.1.1.1.
2017-05-23 21:41:07,955 [ACCEPTED DOWNLOAD] ctc:LoginWebApp.war for admin/10.1.1.1.
2017-05-23 21:41:27,431 [ACCEPTED DOWNLOAD] ctc:LoginWebApp.war for admin/10.1.1.1.
2017-05-23 21:41:43,607 [ACCEPTED DOWNLOAD] ctc:LoginWebApp.war for admin/10.1.1.1.
2017-05-23 21:43:50,914 [ACCEPTED DOWNLOAD] ctc:LoginWebApp.war for admin/10.1.1.1.
2017-05-23 21:44:10,300 [ACCEPTED DOWNLOAD] ctc:LoginWebApp.war for admin/10.1.1.1.
2017-05-23 21:47:59,403 [ACCEPTED DOWNLOAD] ctc:LoginWebApp.war for admin/10.1.1.1.
2017-05-23 21:48:07,659 [ACCEPTED DOWNLOAD] ctc:LoginWebApp.war for admin/10.1.1.1.
2017-05-23 21:48:13,256 [ACCEPTED DOWNLOAD] ctc:LoginWebApp.war for admin/10.1.1.1.
2017-05-23 22:05:04,447 [ACCEPTED DEPLOY] ctc:LoginWebApp.war for admin/127.0.0.1.
2017-05-23 22:07:09,965 [ACCEPTED DEPLOY] ctc:LoginWebApp.war for admin/127.0.0.1.
2017-05-23 22:07:59,669 [ACCEPTED DEPLOY] ctc:LoginWebApp.war for admin/127.0.0.1.
2017-05-23 22:08:22,640 [ACCEPTED DELETE] ctc:LoginWebApp.war for admin/10.1.1.1.
2017-05-23 22:08:40,010 [ACCEPTED DEPLOY] ctc:LoginWebApp.war for admin/127.0.0.1.
2017-05-23 22:12:15,969 [ACCEPTED DEPLOY] ctc:LoginWebApp.war for admin/127.0.0.1.
2017-05-23 22:12:36,276 [ACCEPTED DEPLOY] ctc:LoginWebApp.war for admin/127.0.0.1.
2017-05-23 23:03:35,530 [ACCEPTED DOWNLOAD] ctc:LoginWebApp.war for admin/127.0.0.1.
2017-05-23 23:04:31,050 [ACCEPTED DOWNLOAD] ctc:LoginWebApp.war for admin/127.0.0.1.
2017-05-23 23:15:46,253 [ACCEPTED DOWNLOAD] ctc:LoginWebApp.war for admin/127.0.0.1.
2017-05-23 23:16:36,668 [ACCEPTED DOWNLOAD] ctc:LoginWebApp.war for admin/127.0.0.1.
2017-05-23 23:20:18,619 [ACCEPTED DEPLOY] ctc:LoginWebApp.war for admin/127.0.0.1.
2017-05-23 23:31:03,355 [ACCEPTED DEPLOY] ctc:LoginWebApp.war for admin/127.0.0.1.
2017-05-23 23:33:45,684 [ACCEPTED DOWNLOAD] ctc:LoginWebApp.war for admin/127.0.0.1.
2017-05-23 23:44:55,939 [ACCEPTED DOWNLOAD] ctc:LoginWebApp.war for admin/127.0.0.1.
2017-05-23 23:48:06,051 [ACCEPTED DOWNLOAD] ctc:LoginWebApp.war for admin/10.1.1.21.
2017-05-23 23:48:06,228 [ACCEPTED DOWNLOAD] ctc:LoginWebApp.war for admin/10.1.1.22.
2017-05-23 23:48:06,229 [ACCEPTED DOWNLOAD] ctc:LoginWebApp.war for admin/10.1.1.23.
2017-05-23 23:48:17,135 [ACCEPTED DOWNLOAD] ctc:LoginWebApp.war for admin/10.1.1.21.
2017-05-23 23:48:17,272 [ACCEPTED DOWNLOAD] ctc:LoginWebApp.war for admin/10.1.1.22.
2017-05-23 23:48:17,279 [ACCEPTED DOWNLOAD] ctc:LoginWebApp.war for admin/10.1.1.23.
2017-05-23 23:49:43,562 [ACCEPTED DOWNLOAD] ctc:LoginWebApp.war for admin/10.1.1.21.
2017-05-23 23:49:43,721 [ACCEPTED DOWNLOAD] ctc:LoginWebApp.war for admin/10.1.1.22.
2017-05-23 23:49:43,722 [ACCEPTED DOWNLOAD] ctc:LoginWebApp.war for admin/10.1.1.23.
2017-05-23 23:51:18,255 [ACCEPTED DOWNLOAD] ctc:LoginWebApp.war for admin/10.1.1.21.
2017-05-23 23:51:18,349 [ACCEPTED DOWNLOAD] ctc:LoginWebApp.war for admin/10.1.1.23.
2017-05-23 23:51:18,379 [ACCEPTED DOWNLOAD] ctc:LoginWebApp.war for admin/10.1.1.22.
2017-05-23 23:52:09,355 [ACCEPTED DOWNLOAD] ctc:LoginWebApp.war for admin/10.1.1.21.
2017-05-23 23:52:09,495 [ACCEPTED DOWNLOAD] ctc:LoginWebApp.war for admin/10.1.1.22.
2017-05-23 23:52:09,504 [ACCEPTED DOWNLOAD] ctc:LoginWebApp.war for admin/10.1.1.23.
2017-05-23 23:55:02,963 [ACCEPTED DOWNLOAD] ctc:LoginWebApp.war for admin/10.1.1.23.
2017-05-23 23:55:02,984 [ACCEPTED DOWNLOAD] ctc:LoginWebApp.war for admin/10.1.1.22.
2017-05-23 23:55:03,796 [ACCEPTED DOWNLOAD] ctc:LoginWebApp.war for admin/10.1.1.21.
2017-05-23 23:57:39,675 [ACCEPTED DOWNLOAD] ctc:LoginWebApp.war for admin/10.1.1.21.
2017-05-23 23:57:39,808 [ACCEPTED DOWNLOAD] ctc:LoginWebApp.war for admin/10.1.1.23.
2017-05-23 23:57:39,816 [ACCEPTED DOWNLOAD] ctc:LoginWebApp.war for admin/10.1.1.22.
2017-05-24 00:00:26,379 [ACCEPTED DOWNLOAD] ctc:LoginWebApp.war for admin/10.1.1.21.
2017-05-24 00:00:26,517 [ACCEPTED DOWNLOAD] ctc:LoginWebApp.war for admin/10.1.1.23.
2017-05-24 00:00:26,548 [ACCEPTED DOWNLOAD] ctc:LoginWebApp.war for admin/10.1.1.22.
2017-05-24 00:05:42,221 [ACCEPTED DOWNLOAD] ctc:LoginWebApp.war for admin/10.1.1.21.
2017-05-24 00:05:42,368 [ACCEPTED DOWNLOAD] ctc:LoginWebApp.war for admin/10.1.1.22.
2017-05-24 00:05:42,395 [ACCEPTED DOWNLOAD] ctc:LoginWebApp.war for admin/10.1.1.23.
2017-05-25 11:07:53,724 [ACCEPTED DEPLOY] ctc:LoginWebApp.war for admin/10.1.1.35.
2017-05-25 11:56:07,528 [ACCEPTED DEPLOY] ctc:LoginWebApp.war for admin/10.1.1.35.
2017-05-25 11:59:28,337 [ACCEPTED DOWNLOAD] ctc:LoginWebApp.war for admin/10.1.1.23.
2017-05-25 11:59:28,354 [ACCEPTED DOWNLOAD] ctc:LoginWebApp.war for admin/10.1.1.22.
2017-05-25 11:59:28,354 [ACCEPTED DOWNLOAD] ctc:LoginWebApp.war for admin/10.1.1.21.
2017-05-25 12:00:44,175 [ACCEPTED DOWNLOAD] ctc:LoginWebApp.war for admin/10.1.1.21.
2017-05-25 12:00:44,284 [ACCEPTED DOWNLOAD] ctc:LoginWebApp.war for admin/10.1.1.22.
2017-05-25 12:00:44,330 [ACCEPTED DOWNLOAD] ctc:LoginWebApp.war for admin/10.1.1.23.
2017-05-25 12:02:39,537 [ACCEPTED DEPLOY] ctc:LoginWebApp.war for admin/10.1.1.35.
